SF:/Users/fabier/Documents/code/embedanythingindart/lib/src/embedder.dart
DA:46,7
DA:49,28
DA:80,7
DA:82,7
DA:85,7
DA:87,21
DA:88,21
DA:89,7
DA:90,14
DA:93,14
DA:98,14
DA:99,6
DA:102,7
DA:134,5
DA:141,5
DA:147,5
DA:171,7
DA:172,7
DA:174,12
DA:175,12
DA:178,12
DA:179,0
DA:183,6
DA:184,18
DA:185,6
DA:187,6
DA:221,2
DA:222,2
DA:224,2
DA:225,1
DA:229,8
DA:230,2
DA:234,6
DA:235,4
DA:239,6
DA:241,4
DA:242,0
DA:246,2
DA:247,2
DA:249,6
DA:250,4
DA:251,6
DA:252,4
DA:257,2
DA:261,4
DA:262,2
DA:264,2
DA:291,7
DA:292,7
DA:293,14
DA:294,14
DA:295,7
DA:303,2
DA:306,7
DA:307,7
DA:308,3
DA:313,6
DA:314,6
DA:315,12
DA:316,12
DA:324,7
DA:326,7
DA:327,7
DA:328,0
LF:64
LH:61
end_of_record
SF:/Users/fabier/Documents/code/embedanythingindart/lib/src/embedding_result.dart
DA:8,6
DA:11,18
DA:19,2
DA:20,6
DA:21,2
DA:23,2
DA:31,6
DA:32,12
DA:33,12
DA:34,12
DA:37,2
DA:38,2
DA:40,4
DA:43,1
DA:44,2
DA:45,3
DA:47,1
DA:50,1
DA:51,3
DA:53,3
DA:54,7
DA:60,0
DA:61,0
LF:23
LH:21
end_of_record
SF:/Users/fabier/Documents/code/embedanythingindart/lib/src/errors.dart
DA:33,0
DA:34,0
DA:62,2
DA:64,1
DA:65,2
DA:67,1
DA:68,2
DA:98,2
DA:100,1
DA:101,3
DA:103,0
DA:104,0
DA:129,1
DA:131,1
DA:132,2
DA:134,1
DA:135,2
DA:159,1
DA:161,1
DA:166,1
DA:167,2
DA:200,1
DA:202,0
DA:204,0
DA:206,0
DA:207,0
LF:26
LH:18
end_of_record
SF:/Users/fabier/Documents/code/embedanythingindart/lib/src/model_config.dart
DA:67,7
DA:86,2
DA:102,1
DA:116,2
DA:131,1
DA:155,7
DA:156,14
DA:157,1
DA:163,14
DA:164,1
DA:171,0
DA:173,0
DA:174,0
DA:175,0
DA:176,0
DA:177,0
DA:178,0
DA:179,0
DA:183,0
DA:187,0
DA:188,0
DA:189,0
DA:190,0
DA:191,0
DA:192,0
DA:193,0
DA:196,0
DA:198,0
DA:199,0
DA:200,0
DA:201,0
DA:202,0
DA:203,0
DA:204,0
LF:34
LH:10
end_of_record
SF:/Users/fabier/Documents/code/embedanythingindart/lib/src/ffi/finalizers.dart
DA:24,21
DA:30,0
DA:36,0
DA:42,7
DA:48,7
DA:57,0
DA:65,0
DA:66,0
DA:67,0
DA:72,0
DA:73,0
DA:74,0
DA:79,0
DA:80,0
DA:81,0
LF:15
LH:3
end_of_record
SF:/Users/fabier/Documents/code/embedanythingindart/lib/src/ffi/ffi_utils.dart
DA:11,7
DA:12,7
DA:18,2
DA:19,4
DA:20,0
DA:22,2
DA:26,7
DA:27,14
DA:28,7
DA:40,7
DA:41,7
DA:43,7
DA:45,7
DA:53,2
DA:54,2
DA:55,4
DA:60,2
DA:62,2
DA:76,2
DA:77,2
DA:78,6
DA:79,2
DA:80,0
DA:81,0
DA:83,0
DA:84,0
DA:85,0
DA:86,0
DA:87,0
DA:89,0
DA:91,0
DA:92,0
DA:93,0
DA:94,0
DA:95,0
DA:96,0
DA:98,0
DA:99,0
DA:102,0
DA:121,2
DA:123,2
DA:126,0
DA:132,2
DA:141,0
DA:143,0
DA:144,0
LF:46
LH:24
end_of_record
